Vivado Simulator 2019.1
Copyright 1986-1999, 2001-2019 Xilinx, Inc. All Rights Reserved.
Running: /home/developer/Vivado/2019.1/bin/unwrapped/lnx64.o/xelab -wto 1a3b55dff98f49128e5913f7d369a92d --incr --debug typical --relax --mt 8 -L xil_defaultlib -L smartconnect_v1_0 -L axi_protocol_checker_v2_0_5 -L unisims_ver -L unimacro_ver -L secureip -L xpm --snapshot t_axi4_block_behav xil_defaultlib.t_axi4_block xil_defaultlib.glbl -log elaborate.log 
Using 8 slave threads.
Starting static elaboration
Completed static elaboration
Starting simulation data flow analysis
Completed simulation data flow analysis
Time Resolution for simulation is 1ps
Compiling package smartconnect_v1_0.sc_util_v1_0_4_pkg
Compiling module xil_defaultlib.axi4_master
Compiling module xil_defaultlib.axi4_bd_axi4_master_0_0
Compiling module xil_defaultlib.axi4_slave
Compiling module xil_defaultlib.axi4_bd_axi4_slave_0_0
Compiling module axi_protocol_checker_v2_0_5.axi_protocol_checker_v2_0_5_thre...
Compiling module axi_protocol_checker_v2_0_5.axi_protocol_checker_v2_0_5_syn_...
Compiling module axi_protocol_checker_v2_0_5.axi_protocol_checker_v2_0_5_axi4...
Compiling module axi_protocol_checker_v2_0_5.axi_protocol_checker_v2_0_5_syn_...
Compiling module axi_protocol_checker_v2_0_5.axi_protocol_checker_v2_0_5_syn_...
Compiling module axi_protocol_checker_v2_0_5.axi_protocol_checker_v2_0_5_core...
Compiling module axi_protocol_checker_v2_0_5.axi_protocol_checker_v2_0_5_repo...
Compiling module axi_protocol_checker_v2_0_5.axi_protocol_checker_v2_0_5_top(...
Compiling module xil_defaultlib.axi4_bd_axi_protocol_checker_0_0
Compiling module xil_defaultlib.axi4_bd
Compiling module xil_defaultlib.axi4_bd_wrapper
Compiling module xil_defaultlib.t_axi4_block
Compiling module xil_defaultlib.glbl
Built simulation snapshot t_axi4_block_behav
